<?xml version="1.0" encoding="UTF-8"?>
<!-- Generated by org.testng.reporters.JUnitReportReporter -->
<testsuite skipped="0" hostname="DESKTOP-H6J86P0" name="org.amazon.AmazzonTesting" tests="7" failures="0" timestamp="15 Aug 2023 16:43:12 GMT" time="24.271" errors="0">
  <testcase name="initializebrowser" time="16.561" classname="org.amazon.AmazzonTesting"/>
  <testcase name="searchProduct" time="4.542" classname="org.amazon.AmazzonTesting"/>
  <testcase name="phoneSearch" time="3.061" classname="org.amazon.AmazzonTesting"/>
  <testcase name="switchingWindow" time="0.019" classname="org.amazon.AmazzonTesting"/>
  <testcase name="addingToCart" time="0.022" classname="org.amazon.AmazzonTesting"/>
  <testcase name="cartbutton" time="0.040" classname="org.amazon.AmazzonTesting"/>
  <testcase name="deleteOrder" time="0.026" classname="org.amazon.AmazzonTesting"/>
</testsuite> <!-- org.amazon.AmazzonTesting -->
